<?xml version="1.0" encoding="UTF-8"?>
<!-- Generated by org.testng.reporters.JUnitReportReporter -->
<testsuite hostname="DESKTOP-KGS15T6" failures="0" tests="1" name="tests.JQueryUiProgressTest" time="15.011" errors="0" timestamp="2024-05-15T22:13:19 IST" skipped="0">
  <testcase classname="tests.JQueryUiProgressTest" name="verifyJQueryUiProgressCloseButton" time="15.011"/>
  <system-out/>
</testsuite> <!-- tests.JQueryUiProgressTest -->
