<?xml version="1.0" encoding="UTF-8"?>
<!-- Generated by org.testng.reporters.JUnitReportReporter -->
<testsuite hostname="DESKTOP-KGS15T6" failures="0" tests="1" name="tests.WindowPopupTest" time="19.542" errors="0" timestamp="2024-05-08T22:22:57 IST" skipped="0">
  <testcase classname="tests.WindowPopupTest" name="verifyClicklikeUsOnFacebook" time="19.542"/>
  <system-out/>
</testsuite> <!-- tests.WindowPopupTest -->
