<?xml version="1.0" encoding="UTF-8"?>
<!-- Generated by org.testng.reporters.JUnitReportReporter -->
<testsuite hostname="DESKTOP-KGS15T6" failures="0" tests="2" name="tests.SimpleFormTest" time="7.117" errors="0" timestamp="2024-05-07T00:08:39 IST" skipped="0">
  <testcase classname="tests.SimpleFormTest" name="verifySimpleFormDemo" time="7.062"/>
  <system-out/>
  <testcase classname="tests.SimpleFormTest" name="assertMessage" time="0.055"/>
  <system-out/>
</testsuite> <!-- tests.SimpleFormTest -->
