<?xml version="1.0" encoding="UTF-8"?>
<!-- Generated by org.testng.reporters.JUnitReportReporter -->
<testsuite hostname="DESKTOP-KGS15T6" failures="0" tests="1" name="tests.BootStrapAlertTest" time="4.230" errors="0" timestamp="2024-06-02T23:02:12 IST" skipped="0">
  <testcase classname="tests.BootStrapAlertTest" name="verifyNormalSuccessMessageDisplay" time="4.230"/>
  <system-out/>
</testsuite> <!-- tests.BootStrapAlertTest -->
